# JRE version: Java(TM) SE Runtime Environment (8.0_131-b11) (build 1.8.0_131-b11)
# Java VM: Java HotSpot(TM) 64-Bit Server VM (25.131-b11 mixed mode linux-amd64 compressed oops)
Heap:
 PSYoungGen      total 280064K, used 187419K [0x00000000eab00000, 0x0000000100000000, 0x0000000100000000)
  eden space 219136K, 63% used [0x00000000eab00000,0x00000000f32bfef8,0x00000000f8100000)
  from space 60928K, 79% used [0x00000000fc300000,0x00000000ff246d10,0x00000000ffe80000)
  to   space 65024K, 0% used [0x00000000f8100000,0x00000000f8100000,0x00000000fc080000)
 ParOldGen       total 615424K, used 133354K [0x00000000c0000000, 0x00000000e5900000, 0x00000000eab00000)
  object space 615424K, 21% used [0x00000000c0000000,0x00000000c823a910,0x00000000e5900000)
 Metaspace       used 137414K, capacity 140126K, committed 140544K, reserved 1171456K
  class space    used 16843K, capacity 17558K, committed 17664K, reserved 1048576K
GC Heap History (10 events):
Event: 246,168 GC heap before
{Heap before GC invocations=74 (full 4):
 PSYoungGen      total 283136K, used 282836K [0x00000000eab00000, 0x0000000100000000, 0x0000000100000000)
  eden space 245760K, 100% used [0x00000000eab00000,0x00000000f9b00000,0x00000000f9b00000)
  from space 37376K, 99% used [0x00000000f9b00000,0x00000000fbf351d0,0x00000000fbf80000)
  to   space 54272K, 0% used [0x00000000fcb00000,0x00000000fcb00000,0x0000000100000000)
 ParOldGen       total 615424K, used 133322K [0x00000000c0000000, 0x00000000e5900000, 0x00000000eab00000)
  object space 615424K, 21% used [0x00000000c0000000,0x00000000c8232910,0x00000000e5900000)
 Metaspace       used 133688K, capacity 135776K, committed 136704K, reserved 1169408K
  class space    used 16522K, capacity 17125K, committed 17152K, reserved 1048576K
Event: 246,277 GC heap after
Heap after GC invocations=74 (full 4):
 PSYoungGen      total 285696K, used 45537K [0x00000000eab00000, 0x0000000100000000, 0x0000000100000000)
  eden space 231424K, 0% used [0x00000000eab00000,0x00000000eab00000,0x00000000f8d00000)
  from space 54272K, 83% used [0x00000000fcb00000,0x00000000ff778628,0x0000000100000000)
  to   space 58880K, 0% used [0x00000000f8d00000,0x00000000f8d00000,0x00000000fc680000)
 ParOldGen       total 615424K, used 133330K [0x00000000c0000000, 0x00000000e5900000, 0x00000000eab00000)
  object space 615424K, 21% used [0x00000000c0000000,0x00000000c8234910,0x00000000e5900000)
 Metaspace       used 133688K, capacity 135776K, committed 136704K, reserved 1169408K
  class space    used 16522K, capacity 17125K, committed 17152K, reserved 1048576K
}
Event: 373,137 GC heap before
{Heap before GC invocations=75 (full 4):
 PSYoungGen      total 285696K, used 276961K [0x00000000eab00000, 0x0000000100000000, 0x0000000100000000)
  eden space 231424K, 100% used [0x00000000eab00000,0x00000000f8d00000,0x00000000f8d00000)
  from space 54272K, 83% used [0x00000000fcb00000,0x00000000ff778628,0x0000000100000000)
  to   space 58880K, 0% used [0x00000000f8d00000,0x00000000f8d00000,0x00000000fc680000)
 ParOldGen       total 615424K, used 133330K [0x00000000c0000000, 0x00000000e5900000, 0x00000000eab00000)
  object space 615424K, 21% used [0x00000000c0000000,0x00000000c8234910,0x00000000e5900000)
 Metaspace       used 135787K, capacity 138278K, committed 138752K, reserved 1171456K
  class space    used 16720K, capacity 17394K, committed 17408K, reserved 1048576K
Event: 373,215 GC heap after
Heap after GC invocations=75 (full 4):
 PSYoungGen      total 275456K, used 43685K [0x00000000eab00000, 0x0000000100000000, 0x0000000100000000)
  eden space 231424K, 0% used [0x00000000eab00000,0x00000000eab00000,0x00000000f8d00000)
  from space 44032K, 99% used [0x00000000f8d00000,0x00000000fb7a95f8,0x00000000fb800000)
  to   space 61952K, 0% used [0x00000000fc380000,0x00000000fc380000,0x0000000100000000)
 ParOldGen       total 615424K, used 133338K [0x00000000c0000000, 0x00000000e5900000, 0x00000000eab00000)
  object space 615424K, 21% used [0x00000000c0000000,0x00000000c8236910,0x00000000e5900000)
 Metaspace       used 135787K, capacity 138278K, committed 138752K, reserved 1171456K
  class space    used 16720K, capacity 17394K, committed 17408K, reserved 1048576K
}
Event: 379,536 GC heap before
{Heap before GC invocations=76 (full 4):
 PSYoungGen      total 275456K, used 275109K [0x00000000eab00000, 0x0000000100000000, 0x0000000100000000)
  eden space 231424K, 100% used [0x00000000eab00000,0x00000000f8d00000,0x00000000f8d00000)
  from space 44032K, 99% used [0x00000000f8d00000,0x00000000fb7a95f8,0x00000000fb800000)
  to   space 61952K, 0% used [0x00000000fc380000,0x00000000fc380000,0x0000000100000000)
 ParOldGen       total 615424K, used 133338K [0x00000000c0000000, 0x00000000e5900000, 0x00000000eab00000)
  object space 615424K, 21% used [0x00000000c0000000,0x00000000c8236910,0x00000000e5900000)
 Metaspace       used 136205K, capacity 138694K, committed 139392K, reserved 1171456K
  class space    used 16770K, capacity 17426K, committed 17536K, reserved 1048576K
Event: 379,624 GC heap after
Heap after GC invocations=76 (full 4):
 PSYoungGen      total 287744K, used 35994K [0x00000000eab00000, 0x0000000100000000, 0x0000000100000000)
  eden space 225792K, 0% used [0x00000000eab00000,0x00000000eab00000,0x00000000f8780000)
  from space 61952K, 58% used [0x00000000fc380000,0x00000000fe6a6b28,0x0000000100000000)
  to   space 61440K, 0% used [0x00000000f8780000,0x00000000f8780000,0x00000000fc380000)
 ParOldGen       total 615424K, used 133338K [0x00000000c0000000, 0x00000000e5900000, 0x00000000eab00000)
  object space 615424K, 21% used [0x00000000c0000000,0x00000000c8236910,0x00000000e5900000)
 Metaspace       used 136205K, capacity 138694K, committed 139392K, reserved 1171456K
  class space    used 16770K, capacity 17426K, committed 17536K, reserved 1048576K
}
Event: 384,317 GC heap before
{Heap before GC invocations=77 (full 4):
 PSYoungGen      total 287744K, used 261786K [0x00000000eab00000, 0x0000000100000000, 0x0000000100000000)
  eden space 225792K, 100% used [0x00000000eab00000,0x00000000f8780000,0x00000000f8780000)
  from space 61952K, 58% used [0x00000000fc380000,0x00000000fe6a6b28,0x0000000100000000)
  to   space 61440K, 0% used [0x00000000f8780000,0x00000000f8780000,0x00000000fc380000)
 ParOldGen       total 615424K, used 133338K [0x00000000c0000000, 0x00000000e5900000, 0x00000000eab00000)
  object space 615424K, 21% used [0x00000000c0000000,0x00000000c8236910,0x00000000e5900000)
 Metaspace       used 136335K, capacity 138836K, committed 139392K, reserved 1171456K
  class space    used 16778K, capacity 17439K, committed 17536K, reserved 1048576K
Event: 384,400 GC heap after
Heap after GC invocations=77 (full 4):
 PSYoungGen      total 263168K, used 37078K [0x00000000eab00000, 0x00000000ffe80000, 0x0000000100000000)
  eden space 225792K, 0% used [0x00000000eab00000,0x00000000eab00000,0x00000000f8780000)
  from space 37376K, 99% used [0x00000000f8780000,0x00000000fabb5a58,0x00000000fac00000)
  to   space 60928K, 0% used [0x00000000fc300000,0x00000000fc300000,0x00000000ffe80000)
 ParOldGen       total 615424K, used 133346K [0x00000000c0000000, 0x00000000e5900000, 0x00000000eab00000)
  object space 615424K, 21% used [0x00000000c0000000,0x00000000c8238910,0x00000000e5900000)
 Metaspace       used 136335K, capacity 138836K, committed 139392K, reserved 1171456K
  class space    used 16778K, capacity 17439K, committed 17536K, reserved 1048576K
}
Event: 411,151 GC heap before
{Heap before GC invocations=78 (full 4):
 PSYoungGen      total 263168K, used 262870K [0x00000000eab00000, 0x00000000ffe80000, 0x0000000100000000)
  eden space 225792K, 100% used [0x00000000eab00000,0x00000000f8780000,0x00000000f8780000)
  from space 37376K, 99% used [0x00000000f8780000,0x00000000fabb5a58,0x00000000fac00000)
  to   space 60928K, 0% used [0x00000000fc300000,0x00000000fc300000,0x00000000ffe80000)
 ParOldGen       total 615424K, used 133346K [0x00000000c0000000, 0x00000000e5900000, 0x00000000eab00000)
  object space 615424K, 21% used [0x00000000c0000000,0x00000000c8238910,0x00000000e5900000)
 Metaspace       used 137093K, capacity 139750K, committed 140032K, reserved 1171456K
  class space    used 16830K, capacity 17538K, committed 17664K, reserved 1048576K
Event: 411,277 GC heap after
Heap after GC invocations=78 (full 4):
 PSYoungGen      total 280064K, used 48411K [0x00000000eab00000, 0x0000000100000000, 0x0000000100000000)
  eden space 219136K, 0% used [0x00000000eab00000,0x00000000eab00000,0x00000000f8100000)
  from space 60928K, 79% used [0x00000000fc300000,0x00000000ff246d10,0x00000000ffe80000)
  to   space 65024K, 0% used [0x00000000f8100000,0x00000000f8100000,0x00000000fc080000)
 ParOldGen       total 615424K, used 133354K [0x00000000c0000000, 0x00000000e5900000, 0x00000000eab00000)
  object space 615424K, 21% used [0x00000000c0000000,0x00000000c823a910,0x00000000e5900000)
 Metaspace       used 137093K, capacity 139750K, committed 140032K, reserved 1171456K
  class space    used 16830K, capacity 17538K, committed 17664K, reserved 1048576K
}

