# JRE version: Java(TM) SE Runtime Environment (8.0_51-b16) (build 1.8.0_51-b16)
# Java VM: Java HotSpot(TM) 64-Bit Server VM (25.51-b03 mixed mode bsd-amd64 compressed oops)
Heap:
 PSYoungGen      total 278016K, used 120175K [0x00000007aab00000, 0x00000007bfe00000, 0x00000007c0000000)
  eden space 249856K, 36% used [0x00000007aab00000,0x00000007b0529f58,0x00000007b9f00000)
  from space 28160K, 98% used [0x00000007b9f00000,0x00000007bba32048,0x00000007bba80000)
  to   space 48128K, 0% used [0x00000007bcf00000,0x00000007bcf00000,0x00000007bfe00000)
 ParOldGen       total 396800K, used 122389K [0x0000000780000000, 0x0000000798380000, 0x00000007aab00000)
  object space 396800K, 30% used [0x0000000780000000,0x0000000787785440,0x0000000798380000)
 Metaspace       used 133364K, capacity 136068K, committed 136240K, reserved 1169408K
  class space    used 15958K, capacity 16609K, committed 16688K, reserved 1048576K
GC Heap History (10 events):
Event: 136.831 GC heap before
{Heap before GC invocations=67 (full 4):
 PSYoungGen      total 302080K, used 284419K [0x00000007aab00000, 0x00000007bfd00000, 0x00000007c0000000)
  eden space 259072K, 100% used [0x00000007aab00000,0x00000007ba800000,0x00000007ba800000)
  from space 43008K, 58% used [0x00000007bd300000,0x00000007bebc0fc0,0x00000007bfd00000)
  to   space 43520K, 0% used [0x00000007ba800000,0x00000007ba800000,0x00000007bd280000)
 ParOldGen       total 396800K, used 122357K [0x0000000780000000, 0x0000000798380000, 0x00000007aab00000)
  object space 396800K, 30% used [0x0000000780000000,0x000000078777d440,0x0000000798380000)
 Metaspace       used 128522K, capacity 130566K, committed 131632K, reserved 1165312K
  class space    used 15549K, capacity 16098K, committed 16176K, reserved 1048576K
Event: 136.888 GC heap after
Heap after GC invocations=67 (full 4):
 PSYoungGen      total 302592K, used 35274K [0x00000007aab00000, 0x00000007c0000000, 0x00000007c0000000)
  eden space 259072K, 0% used [0x00000007aab00000,0x00000007aab00000,0x00000007ba800000)
  from space 43520K, 81% used [0x00000007ba800000,0x00000007bca72950,0x00000007bd280000)
  to   space 46592K, 0% used [0x00000007bd280000,0x00000007bd280000,0x00000007c0000000)
 ParOldGen       total 396800K, used 122365K [0x0000000780000000, 0x0000000798380000, 0x00000007aab00000)
  object space 396800K, 30% used [0x0000000780000000,0x000000078777f440,0x0000000798380000)
 Metaspace       used 128522K, capacity 130566K, committed 131632K, reserved 1165312K
  class space    used 15549K, capacity 16098K, committed 16176K, reserved 1048576K
}
Event: 151.176 GC heap before
{Heap before GC invocations=68 (full 4):
 PSYoungGen      total 302592K, used 294346K [0x00000007aab00000, 0x00000007c0000000, 0x00000007c0000000)
  eden space 259072K, 100% used [0x00000007aab00000,0x00000007ba800000,0x00000007ba800000)
  from space 43520K, 81% used [0x00000007ba800000,0x00000007bca72950,0x00000007bd280000)
  to   space 46592K, 0% used [0x00000007bd280000,0x00000007bd280000,0x00000007c0000000)
 ParOldGen       total 396800K, used 122365K [0x0000000780000000, 0x0000000798380000, 0x00000007aab00000)
  object space 396800K, 30% used [0x0000000780000000,0x000000078777f440,0x0000000798380000)
 Metaspace       used 130896K, capacity 133236K, committed 133936K, reserved 1167360K
  class space    used 15763K, capacity 16357K, committed 16432K, reserved 1048576K
Event: 151.344 GC heap after
Heap after GC invocations=68 (full 4):
 PSYoungGen      total 300544K, used 32549K [0x00000007aab00000, 0x00000007c0000000, 0x00000007c0000000)
  eden space 253952K, 0% used [0x00000007aab00000,0x00000007aab00000,0x00000007ba300000)
  from space 46592K, 69% used [0x00000007bd280000,0x00000007bf2497f0,0x00000007c0000000)
  to   space 47616K, 0% used [0x00000007ba300000,0x00000007ba300000,0x00000007bd180000)
 ParOldGen       total 396800K, used 122373K [0x0000000780000000, 0x0000000798380000, 0x00000007aab00000)
  object space 396800K, 30% used [0x0000000780000000,0x0000000787781440,0x0000000798380000)
 Metaspace       used 130896K, capacity 133236K, committed 133936K, reserved 1167360K
  class space    used 15763K, capacity 16357K, committed 16432K, reserved 1048576K
}
Event: 238.186 GC heap before
{Heap before GC invocations=69 (full 4):
 PSYoungGen      total 300544K, used 286501K [0x00000007aab00000, 0x00000007c0000000, 0x00000007c0000000)
  eden space 253952K, 100% used [0x00000007aab00000,0x00000007ba300000,0x00000007ba300000)
  from space 46592K, 69% used [0x00000007bd280000,0x00000007bf2497f0,0x00000007c0000000)
  to   space 47616K, 0% used [0x00000007ba300000,0x00000007ba300000,0x00000007bd180000)
 ParOldGen       total 396800K, used 122373K [0x0000000780000000, 0x0000000798380000, 0x00000007aab00000)
  object space 396800K, 30% used [0x0000000780000000,0x0000000787781440,0x0000000798380000)
 Metaspace       used 132427K, capacity 135156K, committed 135344K, reserved 1167360K
  class space    used 15887K, capacity 16511K, committed 16560K, reserved 1048576K
Event: 238.304 GC heap after
Heap after GC invocations=69 (full 4):
 PSYoungGen      total 287232K, used 33004K [0x00000007aab00000, 0x00000007c0000000, 0x00000007c0000000)
  eden space 253952K, 0% used [0x00000007aab00000,0x00000007aab00000,0x00000007ba300000)
  from space 33280K, 99% used [0x00000007ba300000,0x00000007bc33b1e8,0x00000007bc380000)
  to   space 48640K, 0% used [0x00000007bd080000,0x00000007bd080000,0x00000007c0000000)
 ParOldGen       total 396800K, used 122381K [0x0000000780000000, 0x0000000798380000, 0x00000007aab00000)
  object space 396800K, 30% used [0x0000000780000000,0x0000000787783440,0x0000000798380000)
 Metaspace       used 132427K, capacity 135156K, committed 135344K, reserved 1167360K
  class space    used 15887K, capacity 16511K, committed 16560K, reserved 1048576K
}
Event: 306.103 GC heap before
{Heap before GC invocations=70 (full 4):
 PSYoungGen      total 287232K, used 286956K [0x00000007aab00000, 0x00000007c0000000, 0x00000007c0000000)
  eden space 253952K, 100% used [0x00000007aab00000,0x00000007ba300000,0x00000007ba300000)
  from space 33280K, 99% used [0x00000007ba300000,0x00000007bc33b1e8,0x00000007bc380000)
  to   space 48640K, 0% used [0x00000007bd080000,0x00000007bd080000,0x00000007c0000000)
 ParOldGen       total 396800K, used 122381K [0x0000000780000000, 0x0000000798380000, 0x00000007aab00000)
  object space 396800K, 30% used [0x0000000780000000,0x0000000787783440,0x0000000798380000)
 Metaspace       used 133060K, capacity 135748K, committed 135984K, reserved 1169408K
  class space    used 15948K, capacity 16599K, committed 16688K, reserved 1048576K
Event: 306.175 GC heap after
Heap after GC invocations=70 (full 4):
 PSYoungGen      total 298496K, used 34127K [0x00000007aab00000, 0x00000007c0000000, 0x00000007c0000000)
  eden space 249856K, 0% used [0x00000007aab00000,0x00000007aab00000,0x00000007b9f00000)
  from space 48640K, 70% used [0x00000007bd080000,0x00000007bf1d3e28,0x00000007c0000000)
  to   space 49664K, 0% used [0x00000007b9f00000,0x00000007b9f00000,0x00000007bcf80000)
 ParOldGen       total 396800K, used 122389K [0x0000000780000000, 0x0000000798380000, 0x00000007aab00000)
  object space 396800K, 30% used [0x0000000780000000,0x0000000787785440,0x0000000798380000)
 Metaspace       used 133060K, capacity 135748K, committed 135984K, reserved 1169408K
  class space    used 15948K, capacity 16599K, committed 16688K, reserved 1048576K
}
Event: 308.440 GC heap before
{Heap before GC invocations=71 (full 4):
 PSYoungGen      total 298496K, used 283983K [0x00000007aab00000, 0x00000007c0000000, 0x00000007c0000000)
  eden space 249856K, 100% used [0x00000007aab00000,0x00000007b9f00000,0x00000007b9f00000)
  from space 48640K, 70% used [0x00000007bd080000,0x00000007bf1d3e28,0x00000007c0000000)
  to   space 49664K, 0% used [0x00000007b9f00000,0x00000007b9f00000,0x00000007bcf80000)
 ParOldGen       total 396800K, used 122389K [0x0000000780000000, 0x0000000798380000, 0x00000007aab00000)
  object space 396800K, 30% used [0x0000000780000000,0x0000000787785440,0x0000000798380000)
 Metaspace       used 133085K, capacity 135760K, committed 135984K, reserved 1169408K
  class space    used 15949K, capacity 16601K, committed 16688K, reserved 1048576K
Event: 308.477 GC heap after
Heap after GC invocations=71 (full 4):
 PSYoungGen      total 278016K, used 27848K [0x00000007aab00000, 0x00000007bfe00000, 0x00000007c0000000)
  eden space 249856K, 0% used [0x00000007aab00000,0x00000007aab00000,0x00000007b9f00000)
  from space 28160K, 98% used [0x00000007b9f00000,0x00000007bba32048,0x00000007bba80000)
  to   space 48128K, 0% used [0x00000007bcf00000,0x00000007bcf00000,0x00000007bfe00000)
 ParOldGen       total 396800K, used 122389K [0x0000000780000000, 0x0000000798380000, 0x00000007aab00000)
  object space 396800K, 30% used [0x0000000780000000,0x0000000787785440,0x0000000798380000)
 Metaspace       used 133085K, capacity 135760K, committed 135984K, reserved 1169408K
  class space    used 15949K, capacity 16601K, committed 16688K, reserved 1048576K
}

