# JRE version: Java(TM) SE Runtime Environment (8.0_77-b03) (build 1.8.0_77-b03)
# Java VM: Java HotSpot(TM) 64-Bit Server VM (25.77-b03 mixed mode windows-amd64 compressed oops)
Heap:
 PSYoungGen      total 280064K, used 246714K [0x00000000eab00000, 0x00000000ff980000, 0x0000000100000000)
  eden space 221696K, 98% used [0x00000000eab00000,0x00000000f8137518,0x00000000f8380000)
  from space 58368K, 46% used [0x00000000f8380000,0x00000000f9e37370,0x00000000fbc80000)
  to   space 56320K, 0% used [0x00000000fc280000,0x00000000fc280000,0x00000000ff980000)
 ParOldGen       total 699392K, used 152154K [0x00000000c0000000, 0x00000000eab00000, 0x00000000eab00000)
  object space 699392K, 21% used [0x00000000c0000000,0x00000000c9496938,0x00000000eab00000)
 Metaspace       used 173155K, capacity 178416K, committed 178560K, reserved 1206272K
  class space    used 19709K, capacity 20756K, committed 20864K, reserved 1048576K
GC Heap History (10 events):
Event: 449.859 GC heap before
{Heap before GC invocations=76 (full 5):
 PSYoungGen      total 276992K, used 219113K [0x00000000eab00000, 0x00000000fff00000, 0x0000000100000000)
  eden space 207872K, 100% used [0x00000000eab00000,0x00000000f7600000,0x00000000f7600000)
  from space 69120K, 16% used [0x00000000fbb80000,0x00000000fc67a438,0x00000000fff00000)
  to   space 70144K, 0% used [0x00000000f7600000,0x00000000f7600000,0x00000000fba80000)
 ParOldGen       total 699392K, used 152114K [0x00000000c0000000, 0x00000000eab00000, 0x00000000eab00000)
  object space 699392K, 21% used [0x00000000c0000000,0x00000000c948c938,0x00000000eab00000)
 Metaspace       used 168610K, capacity 172354K, committed 173056K, reserved 1202176K
  class space    used 19300K, capacity 20135K, committed 20224K, reserved 1048576K
Event: 449.906 GC heap after
Heap after GC invocations=76 (full 5):
 PSYoungGen      total 237568K, used 29601K [0x00000000eab00000, 0x00000000ff900000, 0x0000000100000000)
  eden space 207872K, 0% used [0x00000000eab00000,0x00000000eab00000,0x00000000f7600000)
  from space 29696K, 99% used [0x00000000f7600000,0x00000000f92e8600,0x00000000f9300000)
  to   space 66048K, 0% used [0x00000000fb880000,0x00000000fb880000,0x00000000ff900000)
 ParOldGen       total 699392K, used 152122K [0x00000000c0000000, 0x00000000eab00000, 0x00000000eab00000)
  object space 699392K, 21% used [0x00000000c0000000,0x00000000c948e938,0x00000000eab00000)
 Metaspace       used 168610K, capacity 172354K, committed 173056K, reserved 1202176K
  class space    used 19300K, capacity 20135K, committed 20224K, reserved 1048576K
}
Event: 720.948 GC heap before
{Heap before GC invocations=77 (full 5):
 PSYoungGen      total 237568K, used 237473K [0x00000000eab00000, 0x00000000ff900000, 0x0000000100000000)
  eden space 207872K, 100% used [0x00000000eab00000,0x00000000f7600000,0x00000000f7600000)
  from space 29696K, 99% used [0x00000000f7600000,0x00000000f92e8600,0x00000000f9300000)
  to   space 66048K, 0% used [0x00000000fb880000,0x00000000fb880000,0x00000000ff900000)
 ParOldGen       total 699392K, used 152122K [0x00000000c0000000, 0x00000000eab00000, 0x00000000eab00000)
  object space 699392K, 21% used [0x00000000c0000000,0x00000000c948e938,0x00000000eab00000)
 Metaspace       used 169134K, capacity 173078K, committed 173568K, reserved 1202176K
  class space    used 19327K, capacity 20181K, committed 20224K, reserved 1048576K
Event: 721.021 GC heap after
Heap after GC invocations=77 (full 5):
 PSYoungGen      total 278016K, used 34115K [0x00000000eab00000, 0x0000000100000000, 0x0000000100000000)
  eden space 211968K, 0% used [0x00000000eab00000,0x00000000eab00000,0x00000000f7a00000)
  from space 66048K, 51% used [0x00000000fb880000,0x00000000fd9d0d90,0x00000000ff900000)
  to   space 64000K, 0% used [0x00000000f7a00000,0x00000000f7a00000,0x00000000fb880000)
 ParOldGen       total 699392K, used 152130K [0x00000000c0000000, 0x00000000eab00000, 0x00000000eab00000)
  object space 699392K, 21% used [0x00000000c0000000,0x00000000c9490938,0x00000000eab00000)
 Metaspace       used 169134K, capacity 173078K, committed 173568K, reserved 1202176K
  class space    used 19327K, capacity 20181K, committed 20224K, reserved 1048576K
}
Event: 884.573 GC heap before
{Heap before GC invocations=78 (full 5):
 PSYoungGen      total 278016K, used 246083K [0x00000000eab00000, 0x0000000100000000, 0x0000000100000000)
  eden space 211968K, 100% used [0x00000000eab00000,0x00000000f7a00000,0x00000000f7a00000)
  from space 66048K, 51% used [0x00000000fb880000,0x00000000fd9d0d90,0x00000000ff900000)
  to   space 64000K, 0% used [0x00000000f7a00000,0x00000000f7a00000,0x00000000fb880000)
 ParOldGen       total 699392K, used 152130K [0x00000000c0000000, 0x00000000eab00000, 0x00000000eab00000)
  object space 699392K, 21% used [0x00000000c0000000,0x00000000c9490938,0x00000000eab00000)
 Metaspace       used 170169K, capacity 174234K, committed 174464K, reserved 1204224K
  class space    used 19416K, capacity 20279K, committed 20352K, reserved 1048576K
Event: 884.623 GC heap after
Heap after GC invocations=78 (full 5):
 PSYoungGen      total 275968K, used 27735K [0x00000000eab00000, 0x00000000ff800000, 0x0000000100000000)
  eden space 211968K, 0% used [0x00000000eab00000,0x00000000eab00000,0x00000000f7a00000)
  from space 64000K, 43% used [0x00000000f7a00000,0x00000000f9515e28,0x00000000fb880000)
  to   space 60928K, 0% used [0x00000000fbc80000,0x00000000fbc80000,0x00000000ff800000)
 ParOldGen       total 699392K, used 152138K [0x00000000c0000000, 0x00000000eab00000, 0x00000000eab00000)
  object space 699392K, 21% used [0x00000000c0000000,0x00000000c9492938,0x00000000eab00000)
 Metaspace       used 170169K, capacity 174234K, committed 174464K, reserved 1204224K
  class space    used 19416K, capacity 20279K, committed 20352K, reserved 1048576K
}
Event: 1066.557 GC heap before
{Heap before GC invocations=79 (full 5):
 PSYoungGen      total 275968K, used 239703K [0x00000000eab00000, 0x00000000ff800000, 0x0000000100000000)
  eden space 211968K, 100% used [0x00000000eab00000,0x00000000f7a00000,0x00000000f7a00000)
  from space 64000K, 43% used [0x00000000f7a00000,0x00000000f9515e28,0x00000000fb880000)
  to   space 60928K, 0% used [0x00000000fbc80000,0x00000000fbc80000,0x00000000ff800000)
 ParOldGen       total 699392K, used 152138K [0x00000000c0000000, 0x00000000eab00000, 0x00000000eab00000)
  object space 699392K, 21% used [0x00000000c0000000,0x00000000c9492938,0x00000000eab00000)
 Metaspace       used 171322K, capacity 175822K, committed 175872K, reserved 1204224K
  class space    used 19548K, capacity 20473K, committed 20480K, reserved 1048576K
Event: 1066.629 GC heap after
Heap after GC invocations=79 (full 5):
 PSYoungGen      total 280064K, used 31408K [0x00000000eab00000, 0x00000000ff580000, 0x0000000100000000)
  eden space 221696K, 0% used [0x00000000eab00000,0x00000000eab00000,0x00000000f8380000)
  from space 58368K, 53% used [0x00000000fbc80000,0x00000000fdb2c050,0x00000000ff580000)
  to   space 58368K, 0% used [0x00000000f8380000,0x00000000f8380000,0x00000000fbc80000)
 ParOldGen       total 699392K, used 152146K [0x00000000c0000000, 0x00000000eab00000, 0x00000000eab00000)
  object space 699392K, 21% used [0x00000000c0000000,0x00000000c9494938,0x00000000eab00000)
 Metaspace       used 171322K, capacity 175822K, committed 175872K, reserved 1204224K
  class space    used 19548K, capacity 20473K, committed 20480K, reserved 1048576K
}
Event: 1409.783 GC heap before
{Heap before GC invocations=80 (full 5):
 PSYoungGen      total 280064K, used 253104K [0x00000000eab00000, 0x00000000ff580000, 0x0000000100000000)
  eden space 221696K, 100% used [0x00000000eab00000,0x00000000f8380000,0x00000000f8380000)
  from space 58368K, 53% used [0x00000000fbc80000,0x00000000fdb2c050,0x00000000ff580000)
  to   space 58368K, 0% used [0x00000000f8380000,0x00000000f8380000,0x00000000fbc80000)
 ParOldGen       total 699392K, used 152146K [0x00000000c0000000, 0x00000000eab00000, 0x00000000eab00000)
  object space 699392K, 21% used [0x00000000c0000000,0x00000000c9494938,0x00000000eab00000)
 Metaspace       used 172695K, capacity 177978K, committed 178304K, reserved 1206272K
  class space    used 19702K, capacity 20747K, committed 20864K, reserved 1048576K
Event: 1409.866 GC heap after
Heap after GC invocations=80 (full 5):
 PSYoungGen      total 280064K, used 27356K [0x00000000eab00000, 0x00000000ff980000, 0x0000000100000000)
  eden space 221696K, 0% used [0x00000000eab00000,0x00000000eab00000,0x00000000f8380000)
  from space 58368K, 46% used [0x00000000f8380000,0x00000000f9e37370,0x00000000fbc80000)
  to   space 56320K, 0% used [0x00000000fc280000,0x00000000fc280000,0x00000000ff980000)
 ParOldGen       total 699392K, used 152154K [0x00000000c0000000, 0x00000000eab00000, 0x00000000eab00000)
  object space 699392K, 21% used [0x00000000c0000000,0x00000000c9496938,0x00000000eab00000)
 Metaspace       used 172695K, capacity 177978K, committed 178304K, reserved 1206272K
  class space    used 19702K, capacity 20747K, committed 20864K, reserved 1048576K
}

