# JRE version: Java(TM) SE Runtime Environment (8.0_77-b03) (build 1.8.0_77-b03)
# Java VM: Java HotSpot(TM) 64-Bit Server VM (25.77-b03 mixed mode windows-amd64 compressed oops)
Heap:
 PSYoungGen      total 277504K, used 203271K [0x00000000eab00000, 0x00000000ffd00000, 0x0000000100000000)
  eden space 210944K, 85% used [0x00000000eab00000,0x00000000f5af8798,0x00000000f7900000)
  from space 66560K, 34% used [0x00000000fbc00000,0x00000000fd289680,0x00000000ffd00000)
  to   space 67584K, 0% used [0x00000000f7900000,0x00000000f7900000,0x00000000fbb00000)
 ParOldGen       total 699392K, used 152308K [0x00000000c0000000, 0x00000000eab00000, 0x00000000eab00000)
  object space 699392K, 21% used [0x00000000c0000000,0x00000000c94bd340,0x00000000eab00000)
 Metaspace       used 171525K, capacity 176280K, committed 176472K, reserved 1206272K
  class space    used 19616K, capacity 20608K, committed 20608K, reserved 1048576K
GC Heap History (10 events):
Event: 139.536 GC heap before
{Heap before GC invocations=71 (full 4):
 PSYoungGen      total 262144K, used 223691K [0x00000000eab00000, 0x00000000ff780000, 0x0000000100000000)
  eden space 190976K, 100% used [0x00000000eab00000,0x00000000f6580000,0x00000000f6580000)
  from space 71168K, 45% used [0x00000000fb200000,0x00000000fd1f2fe8,0x00000000ff780000)
  to   space 74752K, 0% used [0x00000000f6580000,0x00000000f6580000,0x00000000fae80000)
 ParOldGen       total 673792K, used 141477K [0x00000000c0000000, 0x00000000e9200000, 0x00000000eab00000)
  object space 673792K, 20% used [0x00000000c0000000,0x00000000c8a29788,0x00000000e9200000)
 Metaspace       used 153148K, capacity 156584K, committed 157144K, reserved 1187840K
  class space    used 17645K, capacity 18408K, committed 18432K, reserved 1048576K
Event: 139.587 GC heap after
Heap after GC invocations=71 (full 4):
 PSYoungGen      total 265728K, used 31770K [0x00000000eab00000, 0x00000000ffd80000, 0x0000000100000000)
  eden space 190976K, 0% used [0x00000000eab00000,0x00000000eab00000,0x00000000f6580000)
  from space 74752K, 42% used [0x00000000f6580000,0x00000000f8486938,0x00000000fae80000)
  to   space 71680K, 0% used [0x00000000fb780000,0x00000000fb780000,0x00000000ffd80000)
 ParOldGen       total 673792K, used 147451K [0x00000000c0000000, 0x00000000e9200000, 0x00000000eab00000)
  object space 673792K, 21% used [0x00000000c0000000,0x00000000c8ffecd0,0x00000000e9200000)
 Metaspace       used 153148K, capacity 156584K, committed 157144K, reserved 1187840K
  class space    used 17645K, capacity 18408K, committed 18432K, reserved 1048576K
}
Event: 228.702 GC heap before
{Heap before GC invocations=72 (full 4):
 PSYoungGen      total 265728K, used 192387K [0x00000000eab00000, 0x00000000ffd80000, 0x0000000100000000)
  eden space 190976K, 84% used [0x00000000eab00000,0x00000000f47da448,0x00000000f6580000)
  from space 74752K, 42% used [0x00000000f6580000,0x00000000f8486938,0x00000000fae80000)
  to   space 71680K, 0% used [0x00000000fb780000,0x00000000fb780000,0x00000000ffd80000)
 ParOldGen       total 673792K, used 147451K [0x00000000c0000000, 0x00000000e9200000, 0x00000000eab00000)
  object space 673792K, 21% used [0x00000000c0000000,0x00000000c8ffecd0,0x00000000e9200000)
 Metaspace       used 159882K, capacity 163356K, committed 163968K, reserved 1193984K
  class space    used 18367K, capacity 19158K, committed 19200K, reserved 1048576K
Event: 228.752 GC heap after
Heap after GC invocations=72 (full 4):
 PSYoungGen      total 267776K, used 32933K [0x00000000eab00000, 0x00000000ff700000, 0x0000000100000000)
  eden space 202752K, 0% used [0x00000000eab00000,0x00000000eab00000,0x00000000f7100000)
  from space 65024K, 50% used [0x00000000fb780000,0x00000000fd7a9480,0x00000000ff700000)
  to   space 68608K, 0% used [0x00000000f7100000,0x00000000f7100000,0x00000000fb400000)
 ParOldGen       total 673792K, used 147459K [0x00000000c0000000, 0x00000000e9200000, 0x00000000eab00000)
  object space 673792K, 21% used [0x00000000c0000000,0x00000000c9000cd0,0x00000000e9200000)
 Metaspace       used 159882K, capacity 163356K, committed 163968K, reserved 1193984K
  class space    used 18367K, capacity 19158K, committed 19200K, reserved 1048576K
}
Event: 228.752 GC heap before
{Heap before GC invocations=73 (full 5):
 PSYoungGen      total 267776K, used 32933K [0x00000000eab00000, 0x00000000ff700000, 0x0000000100000000)
  eden space 202752K, 0% used [0x00000000eab00000,0x00000000eab00000,0x00000000f7100000)
  from space 65024K, 50% used [0x00000000fb780000,0x00000000fd7a9480,0x00000000ff700000)
  to   space 68608K, 0% used [0x00000000f7100000,0x00000000f7100000,0x00000000fb400000)
 ParOldGen       total 673792K, used 147459K [0x00000000c0000000, 0x00000000e9200000, 0x00000000eab00000)
  object space 673792K, 21% used [0x00000000c0000000,0x00000000c9000cd0,0x00000000e9200000)
 Metaspace       used 159882K, capacity 163356K, committed 163968K, reserved 1193984K
  class space    used 18367K, capacity 19158K, committed 19200K, reserved 1048576K
Event: 229.602 GC heap after
Heap after GC invocations=73 (full 5):
 PSYoungGen      total 267776K, used 0K [0x00000000eab00000, 0x00000000ff700000, 0x0000000100000000)
  eden space 202752K, 0% used [0x00000000eab00000,0x00000000eab00000,0x00000000f7100000)
  from space 65024K, 0% used [0x00000000fb780000,0x00000000fb780000,0x00000000ff700000)
  to   space 68608K, 0% used [0x00000000f7100000,0x00000000f7100000,0x00000000fb400000)
 ParOldGen       total 699392K, used 152292K [0x00000000c0000000, 0x00000000eab00000, 0x00000000eab00000)
  object space 699392K, 21% used [0x00000000c0000000,0x00000000c94b9340,0x00000000eab00000)
 Metaspace       used 159851K, capacity 163308K, committed 163968K, reserved 1193984K
  class space    used 18363K, capacity 19150K, committed 19200K, reserved 1048576K
}
Event: 233.048 GC heap before
{Heap before GC invocations=74 (full 5):
 PSYoungGen      total 267776K, used 202752K [0x00000000eab00000, 0x00000000ff700000, 0x0000000100000000)
  eden space 202752K, 100% used [0x00000000eab00000,0x00000000f7100000,0x00000000f7100000)
  from space 65024K, 0% used [0x00000000fb780000,0x00000000fb780000,0x00000000ff700000)
  to   space 68608K, 0% used [0x00000000f7100000,0x00000000f7100000,0x00000000fb400000)
 ParOldGen       total 699392K, used 152292K [0x00000000c0000000, 0x00000000eab00000, 0x00000000eab00000)
  object space 699392K, 21% used [0x00000000c0000000,0x00000000c94b9340,0x00000000eab00000)
 Metaspace       used 167479K, capacity 171078K, committed 171608K, reserved 1200128K
  class space    used 19241K, capacity 20029K, committed 20096K, reserved 1048576K
Event: 233.077 GC heap after
Heap after GC invocations=74 (full 5):
 PSYoungGen      total 271360K, used 10796K [0x00000000eab00000, 0x0000000100000000, 0x0000000100000000)
  eden space 202752K, 0% used [0x00000000eab00000,0x00000000eab00000,0x00000000f7100000)
  from space 68608K, 15% used [0x00000000f7100000,0x00000000f7b8b018,0x00000000fb400000)
  to   space 69632K, 0% used [0x00000000fbc00000,0x00000000fbc00000,0x0000000100000000)
 ParOldGen       total 699392K, used 152300K [0x00000000c0000000, 0x00000000eab00000, 0x00000000eab00000)
  object space 699392K, 21% used [0x00000000c0000000,0x00000000c94bb340,0x00000000eab00000)
 Metaspace       used 167479K, capacity 171078K, committed 171608K, reserved 1200128K
  class space    used 19241K, capacity 20029K, committed 20096K, reserved 1048576K
}
Event: 264.011 GC heap before
{Heap before GC invocations=75 (full 5):
 PSYoungGen      total 271360K, used 213548K [0x00000000eab00000, 0x0000000100000000, 0x0000000100000000)
  eden space 202752K, 100% used [0x00000000eab00000,0x00000000f7100000,0x00000000f7100000)
  from space 68608K, 15% used [0x00000000f7100000,0x00000000f7b8b018,0x00000000fb400000)
  to   space 69632K, 0% used [0x00000000fbc00000,0x00000000fbc00000,0x0000000100000000)
 ParOldGen       total 699392K, used 152300K [0x00000000c0000000, 0x00000000eab00000, 0x00000000eab00000)
  object space 699392K, 21% used [0x00000000c0000000,0x00000000c94bb340,0x00000000eab00000)
 Metaspace       used 169714K, capacity 173720K, committed 173912K, reserved 1202176K
  class space    used 19430K, capacity 20284K, committed 20352K, reserved 1048576K
Event: 264.065 GC heap after
Heap after GC invocations=75 (full 5):
 PSYoungGen      total 277504K, used 23077K [0x00000000eab00000, 0x00000000ffd00000, 0x0000000100000000)
  eden space 210944K, 0% used [0x00000000eab00000,0x00000000eab00000,0x00000000f7900000)
  from space 66560K, 34% used [0x00000000fbc00000,0x00000000fd289680,0x00000000ffd00000)
  to   space 67584K, 0% used [0x00000000f7900000,0x00000000f7900000,0x00000000fbb00000)
 ParOldGen       total 699392K, used 152308K [0x00000000c0000000, 0x00000000eab00000, 0x00000000eab00000)
  object space 699392K, 21% used [0x00000000c0000000,0x00000000c94bd340,0x00000000eab00000)
 Metaspace       used 169714K, capacity 173720K, committed 173912K, reserved 1202176K
  class space    used 19430K, capacity 20284K, committed 20352K, reserved 1048576K
}

